<?xml version="1.0" encoding="UTF-8"?>
<!-- Generated by org.testng.reporters.JUnitReportReporter -->
<testsuite hostname="LAPTOP-T9TC6QDG" failures="0" tests="1" name="com.billhub.qa.testcases.CustomerPageTest" time="9.977" errors="0" timestamp="2024-02-04T23:10:14 IST" skipped="0">
  <testcase classname="com.billhub.qa.testcases.CustomerPageTest" name="SearchCustomerByNameTest" time="9.977"/>
</testsuite> <!-- com.billhub.qa.testcases.CustomerPageTest -->
