<?xml version="1.0" encoding="UTF-8"?>
<!-- Generated by org.testng.reporters.JUnitReportReporter -->
<testsuite hostname="LAPTOP-T9TC6QDG" failures="0" tests="8" name="com.billhub.qa.testcases.CreatePOBasedInvoicePageTest" time="525.569" errors="0" timestamp="2024-03-05T19:28:43 IST" skipped="0">
  <testcase classname="com.billhub.qa.testcases.CreatePOBasedInvoicePageTest" name="gstCodeVerificationTest" time="15.648"/>
  <testcase classname="com.billhub.qa.testcases.CreatePOBasedInvoicePageTest" name="tdCodeVerificationTest" time="15.558"/>
  <testcase classname="com.billhub.qa.testcases.CreatePOBasedInvoicePageTest" name="additionalAmountVerificationTest" time="15.522"/>
  <testcase classname="com.billhub.qa.testcases.CreatePOBasedInvoicePageTest" name="createInvoiceWithoutDataTest" time="30.873"/>
  <testcase classname="com.billhub.qa.testcases.CreatePOBasedInvoicePageTest" name="submitMemoWithValidDataTest" time="139.625"/>
  <testcase classname="com.billhub.qa.testcases.CreatePOBasedInvoicePageTest" name="submitMemoWithDuplicateDataTest" time="32.182"/>
  <testcase classname="com.billhub.qa.testcases.CreatePOBasedInvoicePageTest" name="createMultipleInvoiceInSingleMemoTest" time="276.160"/>
  <testcase classname="com.billhub.qa.testcases.CreatePOBasedInvoicePageTest" name="splitPoQuantityAndCreateMultipleInvoicesTest" time="0.001"/>
</testsuite> <!-- com.billhub.qa.testcases.CreatePOBasedInvoicePageTest -->
