<?xml version="1.0" encoding="UTF-8"?>
<!-- Generated by org.testng.reporters.JUnitReportReporter -->
<testsuite hostname="LAPTOP-T9TC6QDG" failures="0" tests="8" name="com.billhub.qa.testcases.BADashboardPageTest" time="52.738" errors="0" timestamp="2024-03-28T18:25:35 IST" skipped="0">
  <testcase classname="com.billhub.qa.testcases.BADashboardPageTest" name="filterByCompanyTest" time="20.747"/>
  <testcase classname="com.billhub.qa.testcases.BADashboardPageTest" name="filterByServiceTest" time="0.496"/>
  <testcase classname="com.billhub.qa.testcases.BADashboardPageTest" name="filterByCompanyAndLocationTest" time="2.478"/>
  <testcase classname="com.billhub.qa.testcases.BADashboardPageTest" name="filterByLocationTest" time="2.140"/>
  <testcase classname="com.billhub.qa.testcases.BADashboardPageTest" name="filterByPoTest" time="1.333"/>
  <testcase classname="com.billhub.qa.testcases.BADashboardPageTest" name="filterByBothTest" time="20.923"/>
  <testcase classname="com.billhub.qa.testcases.BADashboardPageTest" name="filterByCompanyServiceAndMemoTest" time="1.420"/>
  <testcase classname="com.billhub.qa.testcases.BADashboardPageTest" name="filterByInvoiceServiceAndLocationTest" time="3.201"/>
</testsuite> <!-- com.billhub.qa.testcases.BADashboardPageTest -->
