<?xml version="1.0" encoding="UTF-8"?>
<!-- Generated by org.testng.reporters.JUnitReportReporter -->
<testsuite hostname="LAPTOP-T9TC6QDG" failures="0" tests="1" name="com.billhub.qa.testcases.CreatePOBasedInvoicePageTest" time="14.319" errors="0" timestamp="2024-03-27T20:59:17 IST" skipped="0">
  <testcase classname="com.billhub.qa.testcases.CreatePOBasedInvoicePageTest" name="submitMemoWithValidDataTest" time="14.319"/>
</testsuite> <!-- com.billhub.qa.testcases.CreatePOBasedInvoicePageTest -->
