<?xml version="1.0" encoding="UTF-8"?>
<!-- Generated by org.testng.reporters.JUnitReportReporter -->
<testsuite hostname="LAPTOP-T9TC6QDG" failures="0" tests="1" name="com.billhub.qa.testcases.CommercialDashboardPageTest" time="5.422" errors="0" timestamp="2024-03-08T18:25:22 IST" skipped="0">
  <testcase classname="com.billhub.qa.testcases.CommercialDashboardPageTest" name="ValidateLoadDashboardButtonFunctionalityTest" time="5.422"/>
</testsuite> <!-- com.billhub.qa.testcases.CommercialDashboardPageTest -->
