<?xml version="1.0" encoding="UTF-8"?>
<!-- Generated by org.testng.reporters.JUnitReportReporter -->
<testsuite hostname="LAPTOP-T9TC6QDG" failures="0" tests="9" name="com.billhub.qa.testcases.CommercialDashboardPageTest" time="14.612" errors="0" timestamp="2024-03-29T20:45:08 IST" skipped="0">
  <testcase classname="com.billhub.qa.testcases.CommercialDashboardPageTest" name="filterByCompanyTest" time="1.797"/>
  <testcase classname="com.billhub.qa.testcases.CommercialDashboardPageTest" name="filterByServiceTest" time="1.002"/>
  <testcase classname="com.billhub.qa.testcases.CommercialDashboardPageTest" name="filterByCompanyAndLocationTest" time="2.460"/>
  <testcase classname="com.billhub.qa.testcases.CommercialDashboardPageTest" name="filterByLocationTest" time="2.153"/>
  <testcase classname="com.billhub.qa.testcases.CommercialDashboardPageTest" name="filterByPoTest" time="0.871"/>
  <testcase classname="com.billhub.qa.testcases.CommercialDashboardPageTest" name="filterByNonPoTest" time="0.867"/>
  <testcase classname="com.billhub.qa.testcases.CommercialDashboardPageTest" name="filterByBothTest" time="0.864"/>
  <testcase classname="com.billhub.qa.testcases.CommercialDashboardPageTest" name="filterByInvoiceServiceAndLocationTest" time="1.385"/>
  <testcase classname="com.billhub.qa.testcases.CommercialDashboardPageTest" name="filterByCompanyServiceAndMemoTest" time="3.213"/>
</testsuite> <!-- com.billhub.qa.testcases.CommercialDashboardPageTest -->
