<?xml version="1.0" encoding="UTF-8"?>
<!-- Generated by org.testng.reporters.JUnitReportReporter -->
<testsuite hostname="LAPTOP-T9TC6QDG" failures="0" tests="1" name="com.billhub.qa.testcases.CustomerPageTest" time="10.694" errors="0" timestamp="2024-02-29T17:38:35 IST" skipped="0">
  <testcase classname="com.billhub.qa.testcases.CustomerPageTest" name="AddCustomerWithoutDataTest" time="10.694"/>
</testsuite> <!-- com.billhub.qa.testcases.CustomerPageTest -->
