<?xml version="1.0" encoding="UTF-8"?>
<!-- Generated by org.testng.reporters.JUnitReportReporter -->
<testsuite hostname="LAPTOP-T9TC6QDG" failures="0" tests="8" name="com.billhub.qa.testcases.CreatePOBasedInvoicePageTest" time="815.962" errors="0" timestamp="2024-03-22T12:05:45 IST" skipped="0">
  <testcase classname="com.billhub.qa.testcases.CreatePOBasedInvoicePageTest" name="gstCodeVerificationTest" time="40.622"/>
  <testcase classname="com.billhub.qa.testcases.CreatePOBasedInvoicePageTest" name="tdCodeVerificationTest" time="40.549"/>
  <testcase classname="com.billhub.qa.testcases.CreatePOBasedInvoicePageTest" name="additionalAmountVerificationTest" time="40.585"/>
  <testcase classname="com.billhub.qa.testcases.CreatePOBasedInvoicePageTest" name="createInvoiceWithoutDataTest" time="40.800"/>
  <testcase classname="com.billhub.qa.testcases.CreatePOBasedInvoicePageTest" name="submitMemoWithValidDataTest" time="204.881"/>
  <testcase classname="com.billhub.qa.testcases.CreatePOBasedInvoicePageTest" name="submitMemoWithDuplicateDataTest" time="42.081"/>
  <testcase classname="com.billhub.qa.testcases.CreatePOBasedInvoicePageTest" name="createMultipleInvoiceInSingleMemoTest" time="406.443"/>
  <testcase classname="com.billhub.qa.testcases.CreatePOBasedInvoicePageTest" name="splitPoQuantityAndCreateMultipleInvoicesTest" time="0.001"/>
</testsuite> <!-- com.billhub.qa.testcases.CreatePOBasedInvoicePageTest -->
