<?xml version="1.0" encoding="UTF-8"?>
<!-- Generated by org.testng.reporters.JUnitReportReporter -->
<testsuite hostname="LAPTOP-T9TC6QDG" failures="0" tests="7" name="com.billhub.qa.testcases.POBasedInvoiceAcknowledgementPageTest" time="332.482" errors="0" timestamp="2024-03-21T16:04:55 IST" skipped="0">
  <testcase classname="com.billhub.qa.testcases.POBasedInvoiceAcknowledgementPageTest" name="validateSubmittedPoBasedInvoiceInDashboardTest" time="20.368"/>
  <testcase classname="com.billhub.qa.testcases.POBasedInvoiceAcknowledgementPageTest" name="validateAcknowledgeTheMemoTest" time="62.186"/>
  <testcase classname="com.billhub.qa.testcases.POBasedInvoiceAcknowledgementPageTest" name="validateAcknowledgedStatusTest" time="41.419"/>
  <testcase classname="com.billhub.qa.testcases.POBasedInvoiceAcknowledgementPageTest" name="verifyInvoiceWithValidDataTest" time="103.627"/>
  <testcase classname="com.billhub.qa.testcases.POBasedInvoiceAcknowledgementPageTest" name="validateVerifiedStatusTest" time="40.921"/>
  <testcase classname="com.billhub.qa.testcases.POBasedInvoiceAcknowledgementPageTest" name="bookingInvoiceWithValidDataTest" time="42.447"/>
  <testcase classname="com.billhub.qa.testcases.POBasedInvoiceAcknowledgementPageTest" name="searchByTransactionBatchIdTest" time="21.514"/>
</testsuite> <!-- com.billhub.qa.testcases.POBasedInvoiceAcknowledgementPageTest -->
