<?xml version="1.0" encoding="UTF-8"?>
<!-- Generated by org.testng.reporters.JUnitReportReporter -->
<testsuite hostname="LAPTOP-T9TC6QDG" failures="0" tests="1" name="com.billhub.qa.testcases.TaxCodePageTest" time="18.415" errors="0" timestamp="2024-02-20T21:30:14 IST" skipped="0">
  <testcase classname="com.billhub.qa.testcases.TaxCodePageTest" name="updateUserTest" time="18.415"/>
</testsuite> <!-- com.billhub.qa.testcases.TaxCodePageTest -->
