<?xml version="1.0" encoding="UTF-8"?>
<!-- Generated by org.testng.reporters.JUnitReportReporter -->
<testsuite hostname="LAPTOP-T9TC6QDG" failures="0" tests="8" name="com.billhub.qa.testcases.CreatePOBasedInvoiceWithExcelsheetTest" time="94.172" errors="0" timestamp="2024-03-29T20:48:29 IST" skipped="0">
  <testcase classname="com.billhub.qa.testcases.CreatePOBasedInvoiceWithExcelsheetTest" name="gstCodeVerificationTest" time="0.328"/>
  <testcase classname="com.billhub.qa.testcases.CreatePOBasedInvoiceWithExcelsheetTest" name="tdCodeVerificationTest" time="0.282"/>
  <testcase classname="com.billhub.qa.testcases.CreatePOBasedInvoiceWithExcelsheetTest" name="additionalAmountVerificationTest" time="0.341"/>
  <testcase classname="com.billhub.qa.testcases.CreatePOBasedInvoiceWithExcelsheetTest" name="submitMemoWithValidDataTest" time="8.158"/>
  <testcase classname="com.billhub.qa.testcases.CreatePOBasedInvoiceWithExcelsheetTest" name="submitMemoWithDuplicateDataTest" time="14.325"/>
  <testcase classname="com.billhub.qa.testcases.CreatePOBasedInvoiceWithExcelsheetTest" name="submitMemoWithoutDataTest" time="44.992"/>
  <testcase classname="com.billhub.qa.testcases.CreatePOBasedInvoiceWithExcelsheetTest" name="createMultipleInvoiceInSingleMemoTest" time="25.745"/>
  <testcase classname="com.billhub.qa.testcases.CreatePOBasedInvoiceWithExcelsheetTest" name="splitPoQuantityAndCreateMultipleInvoicesTest" time="0.001"/>
</testsuite> <!-- com.billhub.qa.testcases.CreatePOBasedInvoiceWithExcelsheetTest -->
