<?xml version="1.0" encoding="UTF-8"?>
<!-- Generated by org.testng.reporters.JUnitReportReporter -->
<testsuite hostname="LAPTOP-T9TC6QDG" failures="0" tests="1" name="com.billhub.qa.testcases.LoginPageTest" time="5.401" errors="0" timestamp="2024-02-02T20:33:58 IST" skipped="0">
  <testcase classname="com.billhub.qa.testcases.LoginPageTest" name="loginAsBaTest" time="5.401"/>
</testsuite> <!-- com.billhub.qa.testcases.LoginPageTest -->
