<?xml version="1.0" encoding="UTF-8"?>
<!-- Generated by org.testng.reporters.JUnitReportReporter -->
<testsuite hostname="LAPTOP-T9TC6QDG" failures="0" tests="1" name="com.billhub.qa.testcases.RolePageTest" time="16.572" errors="0" timestamp="2024-02-03T01:05:47 IST" skipped="0">
  <testcase classname="com.billhub.qa.testcases.RolePageTest" name="addNewRoleTest" time="16.572"/>
</testsuite> <!-- com.billhub.qa.testcases.RolePageTest -->
