<?xml version="1.0" encoding="UTF-8"?>
<!-- Generated by org.testng.reporters.JUnitReportReporter -->
<testsuite hostname="LAPTOP-T9TC6QDG" failures="0" tests="1" name="com.billhub.qa.testcases.ReasonPageTest" time="1.796" errors="0" timestamp="2024-02-22T21:34:18 IST" skipped="0">
  <testcase classname="com.billhub.qa.testcases.ReasonPageTest" name="updateReasonTest" time="1.796"/>
</testsuite> <!-- com.billhub.qa.testcases.ReasonPageTest -->
