<?xml version="1.0" encoding="UTF-8"?>
<!-- Generated by org.testng.reporters.JUnitReportReporter -->
<testsuite hostname="LAPTOP-T9TC6QDG" failures="0" tests="7" name="com.billhub.qa.testcases.ReasonPageTest" time="99.464" errors="0" timestamp="2024-03-14T19:00:32 IST" skipped="0">
  <testcase classname="com.billhub.qa.testcases.ReasonPageTest" name="addNewReasonWithValidDataTest" time="1.025"/>
  <testcase classname="com.billhub.qa.testcases.ReasonPageTest" name="addNewReasonWithInvalidDataTest" time="33.783"/>
  <testcase classname="com.billhub.qa.testcases.ReasonPageTest" name="addNewReasonWithoutDataTest" time="30.483"/>
  <testcase classname="com.billhub.qa.testcases.ReasonPageTest" name="addNewReasonWithDuplicateDataTest" time="30.945"/>
  <testcase classname="com.billhub.qa.testcases.ReasonPageTest" name="updateReasonTest" time="1.620"/>
  <testcase classname="com.billhub.qa.testcases.ReasonPageTest" name="searchByReasonNameTest" time="1.342"/>
  <testcase classname="com.billhub.qa.testcases.ReasonPageTest" name="searchByReasonCodeTest" time="0.266"/>
</testsuite> <!-- com.billhub.qa.testcases.ReasonPageTest -->
