<?xml version="1.0" encoding="UTF-8"?>
<!-- Generated by org.testng.reporters.JUnitReportReporter -->
<testsuite hostname="LAPTOP-T9TC6QDG" failures="0" tests="8" name="com.billhub.qa.testcases.CreatePOBasedInvoicePageTest" time="1184.035" errors="0" timestamp="2024-03-07T21:23:05 IST" skipped="0">
  <testcase classname="com.billhub.qa.testcases.CreatePOBasedInvoicePageTest" name="gstCodeVerificationTest" time="15.595"/>
  <testcase classname="com.billhub.qa.testcases.CreatePOBasedInvoicePageTest" name="tdCodeVerificationTest" time="15.500"/>
  <testcase classname="com.billhub.qa.testcases.CreatePOBasedInvoicePageTest" name="additionalAmountVerificationTest" time="15.524"/>
  <testcase classname="com.billhub.qa.testcases.CreatePOBasedInvoicePageTest" name="createInvoiceWithoutDataTest" time="30.810"/>
  <testcase classname="com.billhub.qa.testcases.CreatePOBasedInvoicePageTest" name="submitMemoWithValidDataTest" time="155.112"/>
  <testcase classname="com.billhub.qa.testcases.CreatePOBasedInvoicePageTest" name="submitMemoWithDuplicateDataTest" time="32.238"/>
  <testcase classname="com.billhub.qa.testcases.CreatePOBasedInvoicePageTest" name="createMultipleInvoiceInSingleMemoTest" time="919.254"/>
  <testcase classname="com.billhub.qa.testcases.CreatePOBasedInvoicePageTest" name="splitPoQuantityAndCreateMultipleInvoicesTest" time="0.002"/>
</testsuite> <!-- com.billhub.qa.testcases.CreatePOBasedInvoicePageTest -->
