<?xml version="1.0" encoding="UTF-8"?>
<!-- Generated by org.testng.reporters.JUnitReportReporter -->
<testsuite hostname="LAPTOP-T9TC6QDG" failures="0" tests="8" name="com.billhub.qa.testcases.TaxCodePageTest" time="98.721" errors="0" timestamp="2024-03-14T18:55:41 IST" skipped="0">
  <testcase classname="com.billhub.qa.testcases.TaxCodePageTest" name="addNewTaxCodeWithValidDataTest" time="0.795"/>
  <testcase classname="com.billhub.qa.testcases.TaxCodePageTest" name="validateAddedTaxCodeInTheDatabaseTest" time="0.657"/>
  <testcase classname="com.billhub.qa.testcases.TaxCodePageTest" name="addNewTaxCodeWithInvalidDataTest" time="33.290"/>
  <testcase classname="com.billhub.qa.testcases.TaxCodePageTest" name="addNewTaxCodeWithoutDataTest" time="30.503"/>
  <testcase classname="com.billhub.qa.testcases.TaxCodePageTest" name="addNewTaxCodeWithDuplicateDataTest" time="30.701"/>
  <testcase classname="com.billhub.qa.testcases.TaxCodePageTest" name="searchByTaxCodeTest" time="0.287"/>
  <testcase classname="com.billhub.qa.testcases.TaxCodePageTest" name="searchByTaxPercentageTest" time="0.553"/>
  <testcase classname="com.billhub.qa.testcases.TaxCodePageTest" name="updateTaxCodeTest" time="1.935"/>
</testsuite> <!-- com.billhub.qa.testcases.TaxCodePageTest -->
