<?xml version="1.0" encoding="UTF-8"?>
<!-- Generated by org.testng.reporters.JUnitReportReporter -->
<testsuite hostname="LAPTOP-T9TC6QDG" failures="0" tests="1" name="com.billhub.qa.testcases.BAPageTest" time="18.101" errors="0" timestamp="2024-02-20T21:38:22 IST" skipped="0">
  <testcase classname="com.billhub.qa.testcases.BAPageTest" name="searchBAByNameTest" time="18.101"/>
</testsuite> <!-- com.billhub.qa.testcases.BAPageTest -->
