<?xml version="1.0" encoding="UTF-8"?>
<!-- Generated by org.testng.reporters.JUnitReportReporter -->
<testsuite hostname="LAPTOP-T9TC6QDG" failures="0" tests="2" name="com.billhub.qa.testcases.UserPageTest" time="6.709" errors="0" timestamp="2024-02-27T17:52:18 IST" skipped="0">
  <testcase classname="com.billhub.qa.testcases.UserPageTest" name="addNewUserWithInactiveStatusTest" time="1.222"/>
  <testcase classname="com.billhub.qa.testcases.UserPageTest" name="createMDMAndReadOnlyUsersTest" time="5.487"/>
</testsuite> <!-- com.billhub.qa.testcases.UserPageTest -->
