<?xml version="1.0" encoding="UTF-8"?>
<!-- Generated by org.testng.reporters.JUnitReportReporter -->
<testsuite hostname="LAPTOP-T9TC6QDG" failures="0" tests="8" name="com.billhub.qa.testcases.BADashboardPageTest" time="53.857" errors="0" timestamp="2024-03-29T20:43:15 IST" skipped="0">
  <testcase classname="com.billhub.qa.testcases.BADashboardPageTest" name="filterByCompanyTest" time="20.819"/>
  <testcase classname="com.billhub.qa.testcases.BADashboardPageTest" name="filterByServiceTest" time="0.497"/>
  <testcase classname="com.billhub.qa.testcases.BADashboardPageTest" name="filterByCompanyAndLocationTest" time="2.469"/>
  <testcase classname="com.billhub.qa.testcases.BADashboardPageTest" name="filterByLocationTest" time="2.133"/>
  <testcase classname="com.billhub.qa.testcases.BADashboardPageTest" name="filterByPoTest" time="1.351"/>
  <testcase classname="com.billhub.qa.testcases.BADashboardPageTest" name="filterByBothTest" time="20.874"/>
  <testcase classname="com.billhub.qa.testcases.BADashboardPageTest" name="filterByCompanyServiceAndMemoTest" time="1.421"/>
  <testcase classname="com.billhub.qa.testcases.BADashboardPageTest" name="filterByInvoiceServiceAndLocationTest" time="4.293"/>
</testsuite> <!-- com.billhub.qa.testcases.BADashboardPageTest -->
