<?xml version="1.0" encoding="UTF-8"?>
<!-- Generated by org.testng.reporters.JUnitReportReporter -->
<testsuite hostname="LAPTOP-T9TC6QDG" failures="0" tests="10" name="com.billhub.qa.testcases.BAPageTest" time="81.017" errors="0" timestamp="2024-03-29T20:25:06 IST" skipped="0">
  <testcase classname="com.billhub.qa.testcases.BAPageTest" name="addNewBaWithValidDataTest" time="1.987"/>
  <testcase classname="com.billhub.qa.testcases.BAPageTest" name="addNewBAWithInactiveStatusTest" time="4.976"/>
  <testcase classname="com.billhub.qa.testcases.BAPageTest" name="addNewBAWithActiveStatusTest" time="1.466"/>
  <testcase classname="com.billhub.qa.testcases.BAPageTest" name="validateAddedBAInTheDatabaseTest" time="0.874"/>
  <testcase classname="com.billhub.qa.testcases.BAPageTest" name="addNewBaWithInvalidDataTest" time="22.694"/>
  <testcase classname="com.billhub.qa.testcases.BAPageTest" name="addNewBAWithDuplicateDataTest" time="22.481"/>
  <testcase classname="com.billhub.qa.testcases.BAPageTest" name="addNewBaWithoutDataTest" time="22.175"/>
  <testcase classname="com.billhub.qa.testcases.BAPageTest" name="searchBAByNameTest" time="1.443"/>
  <testcase classname="com.billhub.qa.testcases.BAPageTest" name="searchBAByCodeTest" time="0.843"/>
  <testcase classname="com.billhub.qa.testcases.BAPageTest" name="updateBATest" time="2.078"/>
</testsuite> <!-- com.billhub.qa.testcases.BAPageTest -->
