<?xml version="1.0" encoding="UTF-8"?>
<!-- Generated by org.testng.reporters.JUnitReportReporter -->
<testsuite hostname="LAPTOP-T9TC6QDG" failures="0" tests="8" name="com.billhub.qa.testcases.CreatePOBasedInvoiceWithExcelsheetTest" time="92.517" errors="0" timestamp="2024-03-28T11:48:22 IST" skipped="0">
  <testcase classname="com.billhub.qa.testcases.CreatePOBasedInvoiceWithExcelsheetTest" name="gstCodeVerificationTest" time="0.383"/>
  <testcase classname="com.billhub.qa.testcases.CreatePOBasedInvoiceWithExcelsheetTest" name="tdCodeVerificationTest" time="0.425"/>
  <testcase classname="com.billhub.qa.testcases.CreatePOBasedInvoiceWithExcelsheetTest" name="additionalAmountVerificationTest" time="0.418"/>
  <testcase classname="com.billhub.qa.testcases.CreatePOBasedInvoiceWithExcelsheetTest" name="submitMemoWithValidDataTest" time="7.030"/>
  <testcase classname="com.billhub.qa.testcases.CreatePOBasedInvoiceWithExcelsheetTest" name="submitMemoWithDuplicateDataTest" time="15.345"/>
  <testcase classname="com.billhub.qa.testcases.CreatePOBasedInvoiceWithExcelsheetTest" name="submitMemoWithoutDataTest" time="44.967"/>
  <testcase classname="com.billhub.qa.testcases.CreatePOBasedInvoiceWithExcelsheetTest" name="createMultipleInvoiceInSingleMemoTest" time="23.947"/>
  <testcase classname="com.billhub.qa.testcases.CreatePOBasedInvoiceWithExcelsheetTest" name="splitPoQuantityAndCreateMultipleInvoicesTest" time="0.002"/>
</testsuite> <!-- com.billhub.qa.testcases.CreatePOBasedInvoiceWithExcelsheetTest -->
