<?xml version="1.0" encoding="UTF-8"?>
<!-- Generated by org.testng.reporters.JUnitReportReporter -->
<testsuite hostname="LAPTOP-T9TC6QDG" failures="0" tests="8" name="com.billhub.qa.testcases.TaxCodePageTest" time="38.440" errors="0" timestamp="2024-02-26T14:40:47 IST" skipped="0">
  <testcase classname="com.billhub.qa.testcases.TaxCodePageTest" name="addNewTaxCodeWithValidDataTest" time="0.784"/>
  <testcase classname="com.billhub.qa.testcases.TaxCodePageTest" name="validateAddedTaxCodeInTheDatabaseTest" time="0.666"/>
  <testcase classname="com.billhub.qa.testcases.TaxCodePageTest" name="addNewTaxCodeWithInvalidDataTest" time="13.260"/>
  <testcase classname="com.billhub.qa.testcases.TaxCodePageTest" name="addNewTaxCodeWithoutDataTest" time="10.428"/>
  <testcase classname="com.billhub.qa.testcases.TaxCodePageTest" name="addNewTaxCodeWithDuplicateDataTest" time="10.648"/>
  <testcase classname="com.billhub.qa.testcases.TaxCodePageTest" name="searchByTaxCodeTest" time="0.238"/>
  <testcase classname="com.billhub.qa.testcases.TaxCodePageTest" name="searchByTaxPercentageTest" time="0.207"/>
  <testcase classname="com.billhub.qa.testcases.TaxCodePageTest" name="updateTaxCodeTest" time="2.209"/>
</testsuite> <!-- com.billhub.qa.testcases.TaxCodePageTest -->
