<?xml version="1.0" encoding="UTF-8"?>
<!-- Generated by org.testng.reporters.JUnitReportReporter -->
<testsuite hostname="LAPTOP-T9TC6QDG" failures="0" tests="9" name="com.billhub.qa.testcases.CommercialDashboardPageTest" time="14.816" errors="0" timestamp="2024-03-27T21:21:09 IST" skipped="0">
  <testcase classname="com.billhub.qa.testcases.CommercialDashboardPageTest" name="filterByCompanyTest" time="1.789"/>
  <testcase classname="com.billhub.qa.testcases.CommercialDashboardPageTest" name="filterByServiceTest" time="0.999"/>
  <testcase classname="com.billhub.qa.testcases.CommercialDashboardPageTest" name="filterByCompanyAndLocationTest" time="2.413"/>
  <testcase classname="com.billhub.qa.testcases.CommercialDashboardPageTest" name="filterByLocationTest" time="2.173"/>
  <testcase classname="com.billhub.qa.testcases.CommercialDashboardPageTest" name="filterByPoTest" time="0.955"/>
  <testcase classname="com.billhub.qa.testcases.CommercialDashboardPageTest" name="filterByNonPoTest" time="0.877"/>
  <testcase classname="com.billhub.qa.testcases.CommercialDashboardPageTest" name="filterByBothTest" time="0.843"/>
  <testcase classname="com.billhub.qa.testcases.CommercialDashboardPageTest" name="filterByInvoiceServiceAndLocationTest" time="1.398"/>
  <testcase classname="com.billhub.qa.testcases.CommercialDashboardPageTest" name="filterByCompanyServiceAndMemoTest" time="3.369"/>
</testsuite> <!-- com.billhub.qa.testcases.CommercialDashboardPageTest -->
