<?xml version="1.0" encoding="UTF-8"?>
<!-- Generated by org.testng.reporters.JUnitReportReporter -->
<testsuite hostname="LAPTOP-T9TC6QDG" failures="0" tests="6" name="com.billhub.qa.testcases.POBasedInvoiceAcknowledgementPageTest" time="22.584" errors="0" timestamp="2024-03-27T20:59:17 IST" skipped="0">
  <testcase classname="com.billhub.qa.testcases.POBasedInvoiceAcknowledgementPageTest" name="validateAcknowledgeTheMemoTest" time="3.800"/>
  <testcase classname="com.billhub.qa.testcases.POBasedInvoiceAcknowledgementPageTest" name="validateAcknowledgedStatusTest" time="2.427"/>
  <testcase classname="com.billhub.qa.testcases.POBasedInvoiceAcknowledgementPageTest" name="verifyInvoiceWithValidDataTest" time="5.172"/>
  <testcase classname="com.billhub.qa.testcases.POBasedInvoiceAcknowledgementPageTest" name="validateVerifiedStatusTest" time="3.028"/>
  <testcase classname="com.billhub.qa.testcases.POBasedInvoiceAcknowledgementPageTest" name="bookingInvoiceWithValidDataTest" time="2.780"/>
  <testcase classname="com.billhub.qa.testcases.POBasedInvoiceAcknowledgementPageTest" name="searchByTransactionBatchIdTest" time="5.377"/>
</testsuite> <!-- com.billhub.qa.testcases.POBasedInvoiceAcknowledgementPageTest -->
