<?xml version="1.0" encoding="UTF-8"?>
<!-- Generated by org.testng.reporters.JUnitReportReporter -->
<testsuite hostname="LAPTOP-T9TC6QDG" failures="0" tests="1" name="com.billhub.qa.testcases.CustomerPageTest" time="12.543" errors="0" timestamp="2024-02-03T00:53:15 IST" skipped="0">
  <testcase classname="com.billhub.qa.testcases.CustomerPageTest" name="addNewCustomerTest" time="12.543"/>
</testsuite> <!-- com.billhub.qa.testcases.CustomerPageTest -->
