<?xml version="1.0" encoding="UTF-8"?>
<!-- Generated by org.testng.reporters.JUnitReportReporter -->
<testsuite hostname="LAPTOP-T9TC6QDG" failures="0" tests="1" name="com.billhub.qa.testcases.MdmDashboardPageTest" time="13.299" errors="0" timestamp="2024-02-02T21:02:32 IST" skipped="0">
  <testcase classname="com.billhub.qa.testcases.MdmDashboardPageTest" name="addNewCustomerTest" time="13.299"/>
</testsuite> <!-- com.billhub.qa.testcases.MdmDashboardPageTest -->
