<?xml version="1.0" encoding="UTF-8"?>
<!-- Generated by org.testng.reporters.JUnitReportReporter -->
<testsuite hostname="LAPTOP-T9TC6QDG" failures="0" tests="8" name="com.billhub.qa.testcases.TaxCodePageTest" time="70.547" errors="0" timestamp="2024-03-28T18:13:12 IST" skipped="0">
  <testcase classname="com.billhub.qa.testcases.TaxCodePageTest" name="addNewTaxCodeWithValidDataTest" time="1.820"/>
  <testcase classname="com.billhub.qa.testcases.TaxCodePageTest" name="validateAddedTaxCodeInTheDatabaseTest" time="0.681"/>
  <testcase classname="com.billhub.qa.testcases.TaxCodePageTest" name="addNewTaxCodeWithInvalidDataTest" time="23.307"/>
  <testcase classname="com.billhub.qa.testcases.TaxCodePageTest" name="addNewTaxCodeWithoutDataTest" time="20.511"/>
  <testcase classname="com.billhub.qa.testcases.TaxCodePageTest" name="addNewTaxCodeWithDuplicateDataTest" time="21.211"/>
  <testcase classname="com.billhub.qa.testcases.TaxCodePageTest" name="searchByTaxCodeTest" time="0.300"/>
  <testcase classname="com.billhub.qa.testcases.TaxCodePageTest" name="searchByTaxPercentageTest" time="0.795"/>
  <testcase classname="com.billhub.qa.testcases.TaxCodePageTest" name="updateTaxCodeTest" time="1.922"/>
</testsuite> <!-- com.billhub.qa.testcases.TaxCodePageTest -->
