<?xml version="1.0" encoding="UTF-8"?>
<!-- Generated by org.testng.reporters.JUnitReportReporter -->
<testsuite hostname="LAPTOP-T9TC6QDG" failures="0" tests="1" name="com.billhub.qa.testcases.InvoiceValidationByAccounts_1022_Test" time="76.223" errors="0" timestamp="2024-03-18T19:46:38 IST" skipped="0">
  <testcase classname="com.billhub.qa.testcases.InvoiceValidationByAccounts_1022_Test" name="searchInvoicesWithInvalidData" time="76.223"/>
</testsuite> <!-- com.billhub.qa.testcases.InvoiceValidationByAccounts_1022_Test -->
