<?xml version="1.0" encoding="UTF-8"?>
<!-- Generated by org.testng.reporters.JUnitReportReporter -->
<testsuite hostname="LAPTOP-T9TC6QDG" failures="0" tests="1" name="com.billhub.qa.testcases.POBasedInvoiceValidationPageTest" time="20.122" errors="0" timestamp="2024-03-12T12:29:35 IST" skipped="0">
  <testcase classname="com.billhub.qa.testcases.POBasedInvoiceValidationPageTest" name="acknowledingInvalidGRNTest" time="20.122"/>
</testsuite> <!-- com.billhub.qa.testcases.POBasedInvoiceValidationPageTest -->
