<?xml version="1.0" encoding="UTF-8"?>
<!-- Generated by org.testng.reporters.JUnitReportReporter -->
<testsuite hostname="LAPTOP-T9TC6QDG" failures="0" tests="1" name="com.billhub.qa.testcases.POBasedInvoiceVerificationPageTest" time="50.496" errors="0" timestamp="2024-03-12T15:16:57 IST" skipped="0">
  <testcase classname="com.billhub.qa.testcases.POBasedInvoiceVerificationPageTest" name="ValidateRejectTheMemoTest" time="50.496"/>
</testsuite> <!-- com.billhub.qa.testcases.POBasedInvoiceVerificationPageTest -->
