<?xml version="1.0" encoding="UTF-8"?>
<!-- Generated by org.testng.reporters.JUnitReportReporter -->
<testsuite hostname="LAPTOP-T9TC6QDG" failures="0" tests="8" name="com.billhub.qa.testcases.TaxCodePageTest" time="75.268" errors="0" timestamp="2024-03-27T16:05:25 IST" skipped="0">
  <testcase classname="com.billhub.qa.testcases.TaxCodePageTest" name="addNewTaxCodeWithValidDataTest" time="4.678"/>
  <testcase classname="com.billhub.qa.testcases.TaxCodePageTest" name="validateAddedTaxCodeInTheDatabaseTest" time="0.713"/>
  <testcase classname="com.billhub.qa.testcases.TaxCodePageTest" name="addNewTaxCodeWithInvalidDataTest" time="23.314"/>
  <testcase classname="com.billhub.qa.testcases.TaxCodePageTest" name="addNewTaxCodeWithoutDataTest" time="20.499"/>
  <testcase classname="com.billhub.qa.testcases.TaxCodePageTest" name="addNewTaxCodeWithDuplicateDataTest" time="20.745"/>
  <testcase classname="com.billhub.qa.testcases.TaxCodePageTest" name="searchByTaxCodeTest" time="0.306"/>
  <testcase classname="com.billhub.qa.testcases.TaxCodePageTest" name="searchByTaxPercentageTest" time="2.963"/>
  <testcase classname="com.billhub.qa.testcases.TaxCodePageTest" name="updateTaxCodeTest" time="2.050"/>
</testsuite> <!-- com.billhub.qa.testcases.TaxCodePageTest -->
