<?xml version="1.0" encoding="UTF-8"?>
<!-- Generated by org.testng.reporters.JUnitReportReporter -->
<testsuite hostname="LAPTOP-T9TC6QDG" failures="0" tests="2" name="com.billhub.qa.testcases.CreatePaymentRequestForPOPageTest" time="13.894" errors="0" timestamp="2024-03-27T20:59:17 IST" skipped="0">
  <testcase classname="com.billhub.qa.testcases.CreatePaymentRequestForPOPageTest" name="validateExcelsheetDataTest" time="7.856"/>
  <testcase classname="com.billhub.qa.testcases.CreatePaymentRequestForPOPageTest" name="ValidateDownloadPaymentRequestTest" time="6.038"/>
</testsuite> <!-- com.billhub.qa.testcases.CreatePaymentRequestForPOPageTest -->
