<?xml version="1.0" encoding="UTF-8"?>
<!-- Generated by org.testng.reporters.JUnitReportReporter -->
<testsuite hostname="LAPTOP-T9TC6QDG" failures="0" tests="2" name="com.billhub.qa.testcases.BAPageTest" time="78.127" errors="0" timestamp="2024-03-19T13:25:08 IST" skipped="0">
  <testcase classname="com.billhub.qa.testcases.BAPageTest" name="addNewBaWithValidDataTest" time="46.452"/>
  <testcase classname="com.billhub.qa.testcases.BAPageTest" name="updateBATest" time="31.675"/>
</testsuite> <!-- com.billhub.qa.testcases.BAPageTest -->
