<?xml version="1.0" encoding="UTF-8"?>
<!-- Generated by org.testng.reporters.JUnitReportReporter -->
<testsuite hostname="LAPTOP-T9TC6QDG" failures="0" tests="1" name="com.billhub.qa.testcases.BAPageTest" time="101.748" errors="0" timestamp="2024-03-22T11:45:39 IST" skipped="0">
  <testcase classname="com.billhub.qa.testcases.BAPageTest" name="updateBATest" time="101.748"/>
</testsuite> <!-- com.billhub.qa.testcases.BAPageTest -->
