<?xml version="1.0" encoding="UTF-8"?>
<!-- Generated by org.testng.reporters.JUnitReportReporter -->
<testsuite hostname="LAPTOP-T9TC6QDG" failures="0" tests="1" name="com.billhub.qa.testcases.InvoiceValidationByTaxation_1022_Test" time="2.534" errors="0" timestamp="2024-03-29T20:15:10 IST" skipped="0">
  <testcase classname="com.billhub.qa.testcases.InvoiceValidationByTaxation_1022_Test" name="validateCorrectInvoicesTest" time="2.534"/>
</testsuite> <!-- com.billhub.qa.testcases.InvoiceValidationByTaxation_1022_Test -->
