<?xml version="1.0" encoding="UTF-8"?>
<!-- Generated by org.testng.reporters.JUnitReportReporter -->
<testsuite hostname="LAPTOP-T9TC6QDG" failures="0" tests="1" name="com.billhub.qa.testcases.ReasonPageTest" time="28.715" errors="0" timestamp="2024-02-03T01:17:44 IST" skipped="0">
  <testcase classname="com.billhub.qa.testcases.ReasonPageTest" name="addNewUserTest" time="28.715"/>
</testsuite> <!-- com.billhub.qa.testcases.ReasonPageTest -->
