<?xml version="1.0" encoding="UTF-8"?>
<!-- Generated by org.testng.reporters.JUnitReportReporter -->
<testsuite hostname="LAPTOP-T9TC6QDG" failures="0" tests="1" name="com.billhub.qa.testcases.WithholdingTaxPageTest" time="13.284" errors="0" timestamp="2024-02-03T00:52:22 IST" skipped="0">
  <testcase classname="com.billhub.qa.testcases.WithholdingTaxPageTest" name="addNewCustomerTest" time="13.284"/>
</testsuite> <!-- com.billhub.qa.testcases.WithholdingTaxPageTest -->
