<?xml version="1.0" encoding="UTF-8"?>
<!-- Generated by org.testng.reporters.JUnitReportReporter -->
<testsuite hostname="LAPTOP-T9TC6QDG" failures="0" tests="6" name="com.billhub.qa.testcases.POBasedInvoiceAcknowledgementPageTest" time="21.915" errors="0" timestamp="2024-03-28T19:43:36 IST" skipped="0">
  <testcase classname="com.billhub.qa.testcases.POBasedInvoiceAcknowledgementPageTest" name="validateAcknowledgeTheMemoTest" time="4.220"/>
  <testcase classname="com.billhub.qa.testcases.POBasedInvoiceAcknowledgementPageTest" name="validateAcknowledgedStatusTest" time="2.586"/>
  <testcase classname="com.billhub.qa.testcases.POBasedInvoiceAcknowledgementPageTest" name="verifyInvoiceWithValidDataTest" time="4.983"/>
  <testcase classname="com.billhub.qa.testcases.POBasedInvoiceAcknowledgementPageTest" name="validateVerifiedStatusTest" time="2.400"/>
  <testcase classname="com.billhub.qa.testcases.POBasedInvoiceAcknowledgementPageTest" name="bookingInvoiceWithValidDataTest" time="2.845"/>
  <testcase classname="com.billhub.qa.testcases.POBasedInvoiceAcknowledgementPageTest" name="searchByTransactionBatchIdTest" time="4.881"/>
</testsuite> <!-- com.billhub.qa.testcases.POBasedInvoiceAcknowledgementPageTest -->
