<?xml version="1.0" encoding="UTF-8"?>
<!-- Generated by org.testng.reporters.JUnitReportReporter -->
<testsuite hostname="LAPTOP-T9TC6QDG" failures="0" tests="2" name="com.billhub.qa.testcases.CreatePaymentRequestForPOPageTest" time="12.448" errors="0" timestamp="2024-03-29T20:15:10 IST" skipped="0">
  <testcase classname="com.billhub.qa.testcases.CreatePaymentRequestForPOPageTest" name="validateExcelsheetDataTest" time="6.518"/>
  <testcase classname="com.billhub.qa.testcases.CreatePaymentRequestForPOPageTest" name="ValidateDownloadPaymentRequestTest" time="5.930"/>
</testsuite> <!-- com.billhub.qa.testcases.CreatePaymentRequestForPOPageTest -->
