<?xml version="1.0" encoding="UTF-8"?>
<!-- Generated by org.testng.reporters.JUnitReportReporter -->
<testsuite hostname="LAPTOP-T9TC6QDG" failures="0" tests="10" name="com.billhub.qa.testcases.UserPageTest" time="39.079" errors="0" timestamp="2024-02-26T13:05:39 IST" skipped="0">
  <testcase classname="com.billhub.qa.testcases.UserPageTest" name="addNewUserWithValidDataTest" time="1.127"/>
  <testcase classname="com.billhub.qa.testcases.UserPageTest" name="addNewUserWithInactiveStatusTest" time="1.638"/>
  <testcase classname="com.billhub.qa.testcases.UserPageTest" name="addNewUserWithActiveStatusTest" time="1.210"/>
  <testcase classname="com.billhub.qa.testcases.UserPageTest" name="validateAddedUserInTheDatabaseTest" time="0.197"/>
  <testcase classname="com.billhub.qa.testcases.UserPageTest" name="addNewUserWithInvalidDataTest" time="10.846"/>
  <testcase classname="com.billhub.qa.testcases.UserPageTest" name="addNewUserWithDuplicateDataTest" time="10.944"/>
  <testcase classname="com.billhub.qa.testcases.UserPageTest" name="addNewUserWithoutDataTest" time="10.629"/>
  <testcase classname="com.billhub.qa.testcases.UserPageTest" name="updateUserTest" time="2.071"/>
  <testcase classname="com.billhub.qa.testcases.UserPageTest" name="searchUserByNameTest" time="0.230"/>
  <testcase classname="com.billhub.qa.testcases.UserPageTest" name="searchUserByBAGroupIDTest" time="0.187"/>
</testsuite> <!-- com.billhub.qa.testcases.UserPageTest -->
