<?xml version="1.0" encoding="UTF-8"?>
<!-- Generated by org.testng.reporters.JUnitReportReporter -->
<testsuite hostname="LAPTOP-T9TC6QDG" failures="0" tests="8" name="com.billhub.qa.testcases.BADashboardPageTest" time="52.742" errors="0" timestamp="2024-03-27T21:18:49 IST" skipped="0">
  <testcase classname="com.billhub.qa.testcases.BADashboardPageTest" name="filterByCompanyTest" time="20.773"/>
  <testcase classname="com.billhub.qa.testcases.BADashboardPageTest" name="filterByServiceTest" time="0.502"/>
  <testcase classname="com.billhub.qa.testcases.BADashboardPageTest" name="filterByCompanyAndLocationTest" time="2.445"/>
  <testcase classname="com.billhub.qa.testcases.BADashboardPageTest" name="filterByLocationTest" time="2.165"/>
  <testcase classname="com.billhub.qa.testcases.BADashboardPageTest" name="filterByPoTest" time="1.327"/>
  <testcase classname="com.billhub.qa.testcases.BADashboardPageTest" name="filterByBothTest" time="20.890"/>
  <testcase classname="com.billhub.qa.testcases.BADashboardPageTest" name="filterByCompanyServiceAndMemoTest" time="1.417"/>
  <testcase classname="com.billhub.qa.testcases.BADashboardPageTest" name="filterByInvoiceServiceAndLocationTest" time="3.223"/>
</testsuite> <!-- com.billhub.qa.testcases.BADashboardPageTest -->
