<?xml version="1.0" encoding="UTF-8"?>
<!-- Generated by org.testng.reporters.JUnitReportReporter -->
<testsuite hostname="LAPTOP-T9TC6QDG" failures="0" tests="1" name="com.billhub.qa.testcases.CustomerPageTest" time="11.262" errors="0" timestamp="2024-02-23T10:55:03 IST" skipped="0">
  <testcase classname="com.billhub.qa.testcases.CustomerPageTest" name="AddCustomerWithInvalidDataTest" time="11.262"/>
</testsuite> <!-- com.billhub.qa.testcases.CustomerPageTest -->
