<?xml version="1.0" encoding="UTF-8"?>
<!-- Generated by org.testng.reporters.JUnitReportReporter -->
<testsuite hostname="LAPTOP-T9TC6QDG" failures="0" tests="1" name="com.billhub.qa.testcases.BAPageTest" time="51.729" errors="0" timestamp="2024-02-04T21:46:03 IST" skipped="0">
  <testcase classname="com.billhub.qa.testcases.BAPageTest" name="addNewBaTest" time="51.729"/>
</testsuite> <!-- com.billhub.qa.testcases.BAPageTest -->
