<?xml version="1.0" encoding="UTF-8"?>
<!-- Generated by org.testng.reporters.JUnitReportReporter -->
<testsuite hostname="LAPTOP-T9TC6QDG" failures="0" tests="1" name="com.billhub.qa.testcases.CreatePOBasedInvoiceWithExcelsheetTest" time="34.601" errors="0" timestamp="2024-03-05T12:02:45 IST" skipped="0">
  <testcase classname="com.billhub.qa.testcases.CreatePOBasedInvoiceWithExcelsheetTest" name="gstCodeVerificationTest" time="34.601"/>
</testsuite> <!-- com.billhub.qa.testcases.CreatePOBasedInvoiceWithExcelsheetTest -->
