<?xml version="1.0" encoding="UTF-8"?>
<!-- Generated by org.testng.reporters.JUnitReportReporter -->
<testsuite hostname="LAPTOP-T9TC6QDG" failures="0" tests="1" name="com.billhub.qa.testcases.InvoiceValidationByTaxation_MESPL_Test" time="87.303" errors="0" timestamp="2024-03-20T19:23:09 IST" skipped="0">
  <testcase classname="com.billhub.qa.testcases.InvoiceValidationByTaxation_MESPL_Test" name="validateDownloadButtonTest" time="87.303"/>
</testsuite> <!-- com.billhub.qa.testcases.InvoiceValidationByTaxation_MESPL_Test -->
