<?xml version="1.0" encoding="UTF-8"?>
<!-- Generated by org.testng.reporters.JUnitReportReporter -->
<testsuite hostname="LAPTOP-T9TC6QDG" failures="0" tests="1" name="com.billhub.qa.testcases.TempTest" time="66.440" errors="0" timestamp="2024-03-19T12:23:00 IST" skipped="0">
  <testcase classname="com.billhub.qa.testcases.TempTest" name="validateInvoiceVerificationWithExcelsheetTest" time="66.440"/>
</testsuite> <!-- com.billhub.qa.testcases.TempTest -->
