<?xml version="1.0" encoding="UTF-8"?>
<!-- Generated by org.testng.reporters.JUnitReportReporter -->
<testsuite hostname="LAPTOP-T9TC6QDG" failures="0" tests="10" name="com.billhub.qa.testcases.BAPageTest" time="82.240" errors="0" timestamp="2024-03-28T17:51:44 IST" skipped="0">
  <testcase classname="com.billhub.qa.testcases.BAPageTest" name="addNewBaWithValidDataTest" time="1.941"/>
  <testcase classname="com.billhub.qa.testcases.BAPageTest" name="addNewBAWithInactiveStatusTest" time="5.163"/>
  <testcase classname="com.billhub.qa.testcases.BAPageTest" name="addNewBAWithActiveStatusTest" time="1.545"/>
  <testcase classname="com.billhub.qa.testcases.BAPageTest" name="validateAddedBAInTheDatabaseTest" time="0.871"/>
  <testcase classname="com.billhub.qa.testcases.BAPageTest" name="addNewBaWithInvalidDataTest" time="22.747"/>
  <testcase classname="com.billhub.qa.testcases.BAPageTest" name="addNewBAWithDuplicateDataTest" time="22.875"/>
  <testcase classname="com.billhub.qa.testcases.BAPageTest" name="addNewBaWithoutDataTest" time="22.255"/>
  <testcase classname="com.billhub.qa.testcases.BAPageTest" name="searchBAByNameTest" time="1.427"/>
  <testcase classname="com.billhub.qa.testcases.BAPageTest" name="searchBAByCodeTest" time="0.869"/>
  <testcase classname="com.billhub.qa.testcases.BAPageTest" name="updateBATest" time="2.547"/>
</testsuite> <!-- com.billhub.qa.testcases.BAPageTest -->
