<?xml version="1.0" encoding="UTF-8"?>
<!-- Generated by org.testng.reporters.JUnitReportReporter -->
<testsuite hostname="LAPTOP-T9TC6QDG" failures="0" tests="1" name="com.billhub.qa.testcases.InvoiceValidationByTaxation_MERU_Test" time="1.619" errors="0" timestamp="2024-03-28T12:26:26 IST" skipped="0">
  <testcase classname="com.billhub.qa.testcases.InvoiceValidationByTaxation_MERU_Test" name="searchInvoicesWithMultipleFieldsTest" time="1.619"/>
</testsuite> <!-- com.billhub.qa.testcases.InvoiceValidationByTaxation_MERU_Test -->
