<?xml version="1.0" encoding="UTF-8"?>
<!-- Generated by org.testng.reporters.JUnitReportReporter -->
<testsuite hostname="LAPTOP-T9TC6QDG" failures="0" tests="1" name="com.billhub.qa.testcases.POBasedInvoiceAcknowledgementPageTest" time="40.530" errors="0" timestamp="2024-03-14T17:55:39 IST" skipped="0">
  <testcase classname="com.billhub.qa.testcases.POBasedInvoiceAcknowledgementPageTest" name="searchByInvalidTransactionBatchIdTest" time="40.530"/>
</testsuite> <!-- com.billhub.qa.testcases.POBasedInvoiceAcknowledgementPageTest -->
